[Email] SMTP transporter configured for smtp.gmail.com:587
node:events:486
      throw er; // Unhandled 'error' event
      ^

Error: listen EADDRINUSE: address already in use :::10000
    at Server.setupListenHandle [as _listen2] (node:net:1948:16)
    at listenInCluster (node:net:2005:12)
    at Server.listen (node:net:2110:7)
    at app.listen (C:\Users\tiago\Downloads\Projeto Teste\node_modules\express\lib\application.js:635:24)
    at <anonymous> (C:\Users\tiago\Downloads\Projeto Teste\backend\src\index.ts:32:5)
Emitted 'error' event on Server instance at:
    at emitErrorNT (node:net:1984:8)
    at process.processTicksAndRejections (node:internal/process/task_queues:90:21) {
  code: 'EADDRINUSE',
  errno: -4091,
  syscall: 'listen',
  address: '::',
  port: 10000
}

Node.js v24.14.0
